  [4;36;1mSQL (0.3ms)[0m   [0;1m SELECT name
 FROM sqlite_master
 WHERE type = 'table' AND NOT name = 'sqlite_sequence'
[0m
  [4;35;1mSQL (0.2ms)[0m   [0m SELECT name
 FROM sqlite_master
 WHERE type = 'table' AND NOT name = 'sqlite_sequence'
[0m
  [4;36;1mSQL (0.1ms)[0m   [0;1mselect sqlite_version(*)[0m
  [4;35;1mSQL (3.2ms)[0m   [0mCREATE TABLE "schema_migrations" ("version" varchar(255) NOT NULL) [0m
  [4;36;1mSQL (1.9ms)[0m   [0;1mCREATE UNIQUE INDEX "unique_schema_migrations" ON "schema_migrations" ("version")[0m
  [4;35;1mSQL (0.2ms)[0m   [0m SELECT name
 FROM sqlite_master
 WHERE type = 'table' AND NOT name = 'sqlite_sequence'
[0m
  [4;36;1mSQL (0.2ms)[0m   [0;1m SELECT name
 FROM sqlite_master
 WHERE type = 'table' AND NOT name = 'sqlite_sequence'
[0m
  [4;35;1mSQL (0.1ms)[0m   [0mSELECT version FROM schema_migrations[0m
  [4;36;1mSQL (0.1ms)[0m   [0;1m SELECT name
 FROM sqlite_master
 WHERE type = 'table' AND NOT name = 'sqlite_sequence'
[0m
  [4;36;1mSQL (0.3ms)[0m   [0;1m SELECT name
 FROM sqlite_master
 WHERE type = 'table' AND NOT name = 'sqlite_sequence'
[0m
  [4;35;1mSQL (0.1ms)[0m   [0mSELECT version FROM schema_migrations[0m
  [4;36;1mSQL (0.2ms)[0m   [0;1m SELECT name
 FROM sqlite_master
 WHERE type = 'table' AND NOT name = 'sqlite_sequence'
[0m
  [4;35;1mSQL (0.2ms)[0m   [0m SELECT name
 FROM sqlite_master
 WHERE type = 'table' AND NOT name = 'sqlite_sequence'
[0m
  [4;36;1mSQL (0.1ms)[0m   [0;1mselect sqlite_version(*)[0m
  [4;36;1mSQL (0.4ms)[0m   [0;1m SELECT name
 FROM sqlite_master
 WHERE type = 'table' AND NOT name = 'sqlite_sequence'
[0m
  [4;35;1mSQL (0.2ms)[0m   [0m SELECT name
 FROM sqlite_master
 WHERE type = 'table' AND NOT name = 'sqlite_sequence'
[0m
  [4;36;1mSQL (0.1ms)[0m   [0;1mSELECT version FROM schema_migrations[0m
Migrating to HoboMigration1 (20100807163520)
  [4;35;1mSQL (0.1ms)[0m   [0mselect sqlite_version(*)[0m
  [4;36;1mSQL (0.5ms)[0m   [0;1mCREATE TABLE "users" ("id" INTEGER PRIMARY KEY AUTOINCREMENT NOT NULL, "crypted_password" varchar(40), "salt" varchar(40), "remember_token" varchar(255), "remember_token_expires_at" datetime, "name" varchar(255), "email_address" varchar(255), "administrator" boolean DEFAULT 'f', "created_at" datetime, "updated_at" datetime, "state" varchar(255) DEFAULT 'active', "key_timestamp" datetime) [0m
  [4;35;1mSQL (0.1ms)[0m   [0mCREATE INDEX "index_users_on_state" ON "users" ("state")[0m
  [4;36;1mSQL (0.1ms)[0m   [0;1mCREATE TABLE "posts" ("id" INTEGER PRIMARY KEY AUTOINCREMENT NOT NULL, "title" varchar(255), "body" text, "created_at" datetime, "updated_at" datetime) [0m
  [4;35;1mSQL (0.1ms)[0m   [0mINSERT INTO schema_migrations (version) VALUES ('20100807163520')[0m
  [4;36;1mSQL (0.3ms)[0m   [0;1m SELECT name
 FROM sqlite_master
 WHERE type = 'table' AND NOT name = 'sqlite_sequence'
[0m
  [4;35;1mSQL (0.1ms)[0m   [0mSELECT version FROM schema_migrations[0m
  [4;36;1mSQL (0.2ms)[0m   [0;1m SELECT name
 FROM sqlite_master
 WHERE type = 'table' AND NOT name = 'sqlite_sequence'
[0m
  [4;35;1mSQL (0.0ms)[0m   [0mPRAGMA index_list("posts")[0m
  [4;36;1mSQL (0.1ms)[0m   [0;1mPRAGMA index_list("users")[0m
  [4;35;1mSQL (0.1ms)[0m   [0mPRAGMA index_info('index_users_on_state')[0m
  [4;36;1mSQL (0.5ms)[0m   [0;1m SELECT name
 FROM sqlite_master
 WHERE type = 'table' AND NOT name = 'sqlite_sequence'
[0m
  [4;35;1mSQL (0.2ms)[0m   [0m SELECT name
 FROM sqlite_master
 WHERE type = 'table' AND NOT name = 'sqlite_sequence'
[0m
  [4;36;1mSQL (0.5ms)[0m   [0;1m SELECT name
 FROM sqlite_master
 WHERE type = 'table' AND NOT name = 'sqlite_sequence'
[0m
  [4;35;1mSQL (0.2ms)[0m   [0m SELECT name
 FROM sqlite_master
 WHERE type = 'table' AND NOT name = 'sqlite_sequence'
[0m
  [4;36;1mSQL (0.3ms)[0m   [0;1m SELECT name
 FROM sqlite_master
 WHERE type = 'table' AND NOT name = 'sqlite_sequence'
[0m
  [4;35;1mSQL (0.3ms)[0m   [0mSELECT count(*) AS count_all FROM "posts" [0m
[Sat Aug 07 14:08:01 -0400 2010] Start Indexing
  [4;36;1mPost Load (0.4ms)[0m   [0;1mSELECT * FROM "posts" WHERE (posts.id > 0) ORDER BY id LIMIT 500[0m
[Sat Aug 07 14:08:01 -0400 2010] Completed Indexing. Rows indexed 500. Rows/sec: 6226.49498144504 (Elapsed: 0.080302 sec.)
  [4;36;1mSQL (0.5ms)[0m   [0;1m SELECT name
 FROM sqlite_master
 WHERE type = 'table' AND NOT name = 'sqlite_sequence'
[0m
  [4;35;1mSQL (0.2ms)[0m   [0m SELECT name
 FROM sqlite_master
 WHERE type = 'table' AND NOT name = 'sqlite_sequence'
[0m


Processing FrontController#index (for 127.0.0.1 at 2010-08-07 14:08:18) [GET]
Rendering front/index
  DRYML: Compiled /Users/owendall/.gem/ruby/1.8/gems/hobo-1.0.1/taglibs/core.dryml in 0.01s
  DRYML: Compiled /Users/owendall/.gem/ruby/1.8/gems/hobo-1.0.1/taglibs/rapid_core.dryml in 0.21s
  DRYML: Compiled /Users/owendall/.gem/ruby/1.8/gems/hobo-1.0.1/taglibs/rapid_support.dryml in 0.01s
  DRYML: Compiled /Users/owendall/.gem/ruby/1.8/gems/hobo-1.0.1/taglibs/rapid_document_tags.dryml in 0.09s
  DRYML: Compiled /Users/owendall/.gem/ruby/1.8/gems/hobo-1.0.1/taglibs/rapid_pages.dryml in 0.15s
  DRYML: Compiled /Users/owendall/.gem/ruby/1.8/gems/hobo-1.0.1/taglibs/rapid_editing.dryml in 0.11s
  DRYML: Compiled /Users/owendall/.gem/ruby/1.8/gems/hobo-1.0.1/taglibs/rapid_forms.dryml in 0.33s
  DRYML: Compiled /Users/owendall/.gem/ruby/1.8/gems/hobo-1.0.1/taglibs/rapid_navigation.dryml in 0.10s
  DRYML: Compiled /Users/owendall/.gem/ruby/1.8/gems/hobo-1.0.1/taglibs/rapid_plus.dryml in 0.12s
  DRYML: Compiled /Users/owendall/.gem/ruby/1.8/gems/hobo-1.0.1/taglibs/rapid_generics.dryml in 0.02s
  DRYML: Compiled /Users/owendall/.gem/ruby/1.8/gems/hobo-1.0.1/taglibs/rapid_lifecycles.dryml in 0.01s
  DRYML: Compiled /Users/owendall/.gem/ruby/1.8/gems/hobo-1.0.1/taglibs/rapid_summary.dryml in 0.21s
  DRYML: Compiled /Users/owendall/.gem/ruby/1.8/gems/hobo-1.0.1/taglibs/rapid_user_pages.dryml in 0.22s
  DRYML: Compiled /Users/owendall/.gem/ruby/1.8/gems/hobo-1.0.1/taglibs/rapid.dryml in 1.57s
  DRYML: Compiled app/views/taglibs/auto/rapid/cards.dryml in 0.01s
  DRYML: Compiled app/views/taglibs/auto/rapid/pages.dryml in 0.32s
  DRYML: Compiled app/views/taglibs/auto/rapid/forms.dryml in 0.03s
  DRYML: Compiled app/views/taglibs/themes/clean/clean.dryml in 0.01s
  DRYML: Compiled app/views/taglibs/application.dryml in 1.94s
  DRYML: Compiled app/views/front/index.dryml in 1.97s
  [4;36;1mUser Load (0.3ms)[0m   [0;1mSELECT * FROM "users" LIMIT 30[0m
  [4;35;1mSQL (0.2ms)[0m   [0m SELECT name
 FROM sqlite_master
 WHERE type = 'table' AND NOT name = 'sqlite_sequence'
[0m
  [4;36;1mSQL (0.2ms)[0m   [0;1mSELECT count(*) AS count_all FROM "users" [0m
Completed in 2091ms (View: 2083, DB: 1) | 200 OK [http://localhost/]
  [4;35;1mSQL (0.5ms)[0m   [0m SELECT name
 FROM sqlite_master
 WHERE type = 'table' AND NOT name = 'sqlite_sequence'
[0m
  [4;36;1mSQL (0.2ms)[0m   [0;1m SELECT name
 FROM sqlite_master
 WHERE type = 'table' AND NOT name = 'sqlite_sequence'
[0m


Processing PostsController#index (for 127.0.0.1 at 2010-08-07 14:08:24) [GET]
  [4;35;1mPost Load (0.4ms)[0m   [0mSELECT * FROM "posts" LIMIT 30 OFFSET 0[0m
  [4;36;1mSQL (0.2ms)[0m   [0;1m SELECT name
 FROM sqlite_master
 WHERE type = 'table' AND NOT name = 'sqlite_sequence'
[0m
Rendering posts/index
  DRYML: Compiled app/views/posts/index.dryml in 0.12s
  [4;35;1mUser Load (0.4ms)[0m   [0mSELECT * FROM "users" LIMIT 30[0m
Completed in 264ms (View: 258, DB: 2) | 200 OK [http://localhost/posts]
  [4;36;1mSQL (0.5ms)[0m   [0;1m SELECT name
 FROM sqlite_master
 WHERE type = 'table' AND NOT name = 'sqlite_sequence'
[0m
  [4;35;1mSQL (0.2ms)[0m   [0m SELECT name
 FROM sqlite_master
 WHERE type = 'table' AND NOT name = 'sqlite_sequence'
[0m


Processing Hobo::DevController#set_current_user (for 127.0.0.1 at 2010-08-07 14:08:34) [GET]
  Parameters: {"login"=>"odall@barquin.com"}
  [4;36;1mUser Load (0.4ms)[0m   [0;1mSELECT * FROM "users" WHERE ("users"."email_address" = 'odall@barquin.com') LIMIT 1[0m
Redirected to http://localhost:3000/posts
Completed in 23ms (DB: 1) | 302 Found [http://localhost/dev/set_current_user?login=odall%40barquin.com]
  [4;35;1mSQL (0.5ms)[0m   [0m SELECT name
 FROM sqlite_master
 WHERE type = 'table' AND NOT name = 'sqlite_sequence'
[0m
  [4;36;1mSQL (0.2ms)[0m   [0;1m SELECT name
 FROM sqlite_master
 WHERE type = 'table' AND NOT name = 'sqlite_sequence'
[0m


Processing PostsController#index (for 127.0.0.1 at 2010-08-07 14:08:34) [GET]
  [4;35;1mUser Load (0.4ms)[0m   [0mSELECT * FROM "users" WHERE ("users"."id" = 1) [0m
  [4;36;1mPost Load (0.3ms)[0m   [0;1mSELECT * FROM "posts" LIMIT 30 OFFSET 0[0m
  [4;35;1mSQL (0.2ms)[0m   [0m SELECT name
 FROM sqlite_master
 WHERE type = 'table' AND NOT name = 'sqlite_sequence'
[0m
Rendering posts/index
  [4;36;1mUser Load (0.3ms)[0m   [0;1mSELECT * FROM "users" LIMIT 30[0m
Completed in 247ms (View: 242, DB: 2) | 200 OK [http://localhost/posts]
  [4;35;1mSQL (0.5ms)[0m   [0m SELECT name
 FROM sqlite_master
 WHERE type = 'table' AND NOT name = 'sqlite_sequence'
[0m
  [4;36;1mSQL (0.2ms)[0m   [0;1m SELECT name
 FROM sqlite_master
 WHERE type = 'table' AND NOT name = 'sqlite_sequence'
[0m


Processing PostsController#new (for 127.0.0.1 at 2010-08-07 14:08:37) [GET]
  [4;35;1mUser Load (0.3ms)[0m   [0mSELECT * FROM "users" WHERE ("users"."id" = 1) [0m
  [4;36;1mSQL (0.3ms)[0m   [0;1m SELECT name
 FROM sqlite_master
 WHERE type = 'table' AND NOT name = 'sqlite_sequence'
[0m
  [4;35;1mUser Load (0.3ms)[0m   [0mSELECT * FROM "users" LIMIT 30[0m
Completed in 253ms (View: 250, DB: 2) | 200 OK [http://localhost/posts/new]
  [4;36;1mSQL (0.5ms)[0m   [0;1m SELECT name
 FROM sqlite_master
 WHERE type = 'table' AND NOT name = 'sqlite_sequence'
[0m
  [4;35;1mSQL (0.2ms)[0m   [0m SELECT name
 FROM sqlite_master
 WHERE type = 'table' AND NOT name = 'sqlite_sequence'
[0m


Processing PostsController#create (for 127.0.0.1 at 2010-08-07 14:09:47) [POST]
  Parameters: {"post"=>{"body"=>"MySQL\r\nSqlite3\r\nOracle\r\nPostgres\r\nSQLServer", "title"=>"Use Sunspot and Solr with any database engine"}, "page_path"=>"posts/new", "authenticity_token"=>"UImczazBptP1sD2eEOZU8fdAiq4+LJecGXBcfXWEZ7M="}
  [4;36;1mUser Load (0.3ms)[0m   [0;1mSELECT * FROM "users" WHERE ("users"."id" = 1) [0m
  [4;35;1mSQL (0.2ms)[0m   [0m SELECT name
 FROM sqlite_master
 WHERE type = 'table' AND NOT name = 'sqlite_sequence'
[0m
  [4;36;1mPost Create (0.6ms)[0m   [0;1mINSERT INTO "posts" ("created_at", "title", "body", "updated_at") VALUES('2010-08-07 18:09:47', 'Use Sunspot and Solr with any database engine', 'MySQL
Sqlite3
Oracle
Postgres
SQLServer', '2010-08-07 18:09:47')[0m
Redirected to http://localhost:3000/posts/5-use-sunspot-and-solr-with-any
Completed in 59ms (DB: 2) | 302 Found [http://localhost/posts]
  [4;35;1mSQL (0.5ms)[0m   [0m SELECT name
 FROM sqlite_master
 WHERE type = 'table' AND NOT name = 'sqlite_sequence'
[0m
  [4;36;1mSQL (0.2ms)[0m   [0;1m SELECT name
 FROM sqlite_master
 WHERE type = 'table' AND NOT name = 'sqlite_sequence'
[0m


Processing PostsController#show (for 127.0.0.1 at 2010-08-07 14:09:47) [GET]
  Parameters: {"id"=>"5-use-sunspot-and-solr-with-any"}
  [4;35;1mUser Load (0.4ms)[0m   [0mSELECT * FROM "users" WHERE ("users"."id" = 1) [0m
  [4;36;1mPost Load (0.2ms)[0m   [0;1mSELECT * FROM "posts" WHERE ("posts"."id" = 5) [0m
  [4;35;1mSQL (0.3ms)[0m   [0m SELECT name
 FROM sqlite_master
 WHERE type = 'table' AND NOT name = 'sqlite_sequence'
[0m
  [4;36;1mUser Load (0.3ms)[0m   [0;1mSELECT * FROM "users" LIMIT 30[0m
Completed in 232ms (View: 228, DB: 2) | 200 OK [http://localhost/posts/5-use-sunspot-and-solr-with-any]
  [4;35;1mSQL (0.5ms)[0m   [0m SELECT name
 FROM sqlite_master
 WHERE type = 'table' AND NOT name = 'sqlite_sequence'
[0m
  [4;36;1mSQL (0.2ms)[0m   [0;1m SELECT name
 FROM sqlite_master
 WHERE type = 'table' AND NOT name = 'sqlite_sequence'
[0m


Processing PostsController#index (for 127.0.0.1 at 2010-08-07 14:09:50) [GET]
  [4;35;1mUser Load (0.3ms)[0m   [0mSELECT * FROM "users" WHERE ("users"."id" = 1) [0m
  [4;36;1mPost Load (0.3ms)[0m   [0;1mSELECT * FROM "posts" LIMIT 30 OFFSET 0[0m
  [4;35;1mSQL (0.2ms)[0m   [0m SELECT name
 FROM sqlite_master
 WHERE type = 'table' AND NOT name = 'sqlite_sequence'
[0m
Rendering posts/index
  [4;36;1mUser Load (0.4ms)[0m   [0;1mSELECT * FROM "users" LIMIT 30[0m
Completed in 334ms (View: 329, DB: 2) | 200 OK [http://localhost/posts]
  [4;35;1mSQL (0.5ms)[0m   [0m SELECT name
 FROM sqlite_master
 WHERE type = 'table' AND NOT name = 'sqlite_sequence'
[0m
  [4;36;1mSQL (0.2ms)[0m   [0;1m SELECT name
 FROM sqlite_master
 WHERE type = 'table' AND NOT name = 'sqlite_sequence'
[0m


Processing PostsController#index (for 127.0.0.1 at 2010-08-07 14:09:59) [GET]
  Parameters: {"query"=>"oracle"}
  [4;35;1mUser Load (0.4ms)[0m   [0mSELECT * FROM "users" WHERE ("users"."id" = 1) [0m
  [4;36;1mSQL (0.2ms)[0m   [0;1m SELECT name
 FROM sqlite_master
 WHERE type = 'table' AND NOT name = 'sqlite_sequence'
[0m
  [4;35;1mPost Load (0.4ms)[0m   [0mSELECT * FROM "posts" WHERE ("posts"."id" IN (2,5)) [0m
Rendering posts/index
  [4;36;1mUser Load (0.3ms)[0m   [0;1mSELECT * FROM "users" LIMIT 30[0m
Completed in 253ms (View: 239, DB: 2) | 200 OK [http://localhost/posts?query=oracle]
  [4;35;1mSQL (0.7ms)[0m   [0m SELECT name
 FROM sqlite_master
 WHERE type = 'table' AND NOT name = 'sqlite_sequence'
[0m
  [4;36;1mSQL (0.3ms)[0m   [0;1m SELECT name
 FROM sqlite_master
 WHERE type = 'table' AND NOT name = 'sqlite_sequence'
[0m


Processing PostsController#show (for 127.0.0.1 at 2010-08-07 14:10:28) [GET]
  Parameters: {"id"=>"5-use-sunspot-and-solr-with-any"}
  [4;35;1mUser Load (5.7ms)[0m   [0mSELECT * FROM "users" WHERE ("users"."id" = 1) [0m
  [4;36;1mPost Load (0.3ms)[0m   [0;1mSELECT * FROM "posts" WHERE ("posts"."id" = 5) [0m
  [4;35;1mSQL (0.6ms)[0m   [0m SELECT name
 FROM sqlite_master
 WHERE type = 'table' AND NOT name = 'sqlite_sequence'
[0m
  [4;36;1mUser Load (0.4ms)[0m   [0;1mSELECT * FROM "users" LIMIT 30[0m
Completed in 407ms (View: 396, DB: 8) | 200 OK [http://localhost/posts/5-use-sunspot-and-solr-with-any]
  [4;35;1mSQL (0.5ms)[0m   [0m SELECT name
 FROM sqlite_master
 WHERE type = 'table' AND NOT name = 'sqlite_sequence'
[0m
  [4;36;1mSQL (0.2ms)[0m   [0;1m SELECT name
 FROM sqlite_master
 WHERE type = 'table' AND NOT name = 'sqlite_sequence'
[0m


Processing PostsController#show (for 127.0.0.1 at 2010-08-07 14:10:29) [GET]
  Parameters: {"id"=>"5-use-sunspot-and-solr-with-any"}
  [4;35;1mUser Load (0.4ms)[0m   [0mSELECT * FROM "users" WHERE ("users"."id" = 1) [0m
  [4;36;1mPost Load (0.3ms)[0m   [0;1mSELECT * FROM "posts" WHERE ("posts"."id" = 5) [0m
  [4;35;1mSQL (0.3ms)[0m   [0m SELECT name
 FROM sqlite_master
 WHERE type = 'table' AND NOT name = 'sqlite_sequence'
[0m
  [4;36;1mUser Load (0.4ms)[0m   [0;1mSELECT * FROM "users" LIMIT 30[0m
Completed in 406ms (View: 401, DB: 2) | 200 OK [http://localhost/posts/5-use-sunspot-and-solr-with-any]
  [4;35;1mSQL (0.5ms)[0m   [0m SELECT name
 FROM sqlite_master
 WHERE type = 'table' AND NOT name = 'sqlite_sequence'
[0m
  [4;36;1mSQL (0.2ms)[0m   [0;1m SELECT name
 FROM sqlite_master
 WHERE type = 'table' AND NOT name = 'sqlite_sequence'
[0m


Processing PostsController#index (for 127.0.0.1 at 2010-08-07 14:10:32) [GET]
  Parameters: {"query"=>"oracle"}
  [4;35;1mUser Load (0.4ms)[0m   [0mSELECT * FROM "users" WHERE ("users"."id" = 1) [0m
  [4;36;1mSQL (0.2ms)[0m   [0;1m SELECT name
 FROM sqlite_master
 WHERE type = 'table' AND NOT name = 'sqlite_sequence'
[0m
  [4;35;1mPost Load (0.4ms)[0m   [0mSELECT * FROM "posts" WHERE ("posts"."id" IN (2,5)) [0m
Rendering posts/index
  [4;36;1mUser Load (0.5ms)[0m   [0;1mSELECT * FROM "users" LIMIT 30[0m
Completed in 373ms (View: 358, DB: 2) | 200 OK [http://localhost/posts?query=oracle]
  [4;35;1mSQL (0.5ms)[0m   [0m SELECT name
 FROM sqlite_master
 WHERE type = 'table' AND NOT name = 'sqlite_sequence'
[0m
  [4;36;1mSQL (0.2ms)[0m   [0;1m SELECT name
 FROM sqlite_master
 WHERE type = 'table' AND NOT name = 'sqlite_sequence'
[0m


Processing PostsController#index (for 127.0.0.1 at 2010-08-07 14:10:43) [GET]
  Parameters: {"query"=>"search"}
  [4;35;1mUser Load (0.4ms)[0m   [0mSELECT * FROM "users" WHERE ("users"."id" = 1) [0m
  [4;36;1mSQL (0.3ms)[0m   [0;1m SELECT name
 FROM sqlite_master
 WHERE type = 'table' AND NOT name = 'sqlite_sequence'
[0m
  [4;35;1mPost Load (0.4ms)[0m   [0mSELECT * FROM "posts" WHERE ("posts"."id" IN (4)) [0m
Rendering posts/index
  [4;36;1mUser Load (0.7ms)[0m   [0;1mSELECT * FROM "users" LIMIT 30[0m
Completed in 439ms (View: 403, DB: 2) | 200 OK [http://localhost/posts?query=search]
  [4;35;1mSQL (0.9ms)[0m   [0m SELECT name
 FROM sqlite_master
 WHERE type = 'table' AND NOT name = 'sqlite_sequence'
[0m
  [4;36;1mSQL (0.2ms)[0m   [0;1m SELECT name
 FROM sqlite_master
 WHERE type = 'table' AND NOT name = 'sqlite_sequence'
[0m


Processing PostsController#show (for 127.0.0.1 at 2010-08-07 14:10:45) [GET]
  Parameters: {"id"=>"4-using-facets-with-sunspot"}
  [4;35;1mUser Load (0.4ms)[0m   [0mSELECT * FROM "users" WHERE ("users"."id" = 1) [0m
  [4;36;1mPost Load (0.3ms)[0m   [0;1mSELECT * FROM "posts" WHERE ("posts"."id" = 4) [0m
  [4;35;1mSQL (0.4ms)[0m   [0m SELECT name
 FROM sqlite_master
 WHERE type = 'table' AND NOT name = 'sqlite_sequence'
[0m
  [4;36;1mUser Load (0.4ms)[0m   [0;1mSELECT * FROM "users" LIMIT 30[0m
Completed in 326ms (View: 321, DB: 3) | 200 OK [http://localhost/posts/4-using-facets-with-sunspot]
  [4;35;1mSQL (0.6ms)[0m   [0m SELECT name
 FROM sqlite_master
 WHERE type = 'table' AND NOT name = 'sqlite_sequence'
[0m
  [4;36;1mSQL (0.2ms)[0m   [0;1m SELECT name
 FROM sqlite_master
 WHERE type = 'table' AND NOT name = 'sqlite_sequence'
[0m


Processing PostsController#index (for 127.0.0.1 at 2010-08-07 14:10:49) [GET]
  Parameters: {"query"=>"search"}
  [4;35;1mUser Load (0.4ms)[0m   [0mSELECT * FROM "users" WHERE ("users"."id" = 1) [0m
  [4;36;1mSQL (0.4ms)[0m   [0;1m SELECT name
 FROM sqlite_master
 WHERE type = 'table' AND NOT name = 'sqlite_sequence'
[0m
  [4;35;1mPost Load (0.5ms)[0m   [0mSELECT * FROM "posts" WHERE ("posts"."id" IN (4)) [0m
Rendering posts/index
  [4;36;1mUser Load (0.4ms)[0m   [0;1mSELECT * FROM "users" LIMIT 30[0m
Completed in 450ms (View: 434, DB: 2) | 200 OK [http://localhost/posts?query=search]
  [4;35;1mSQL (0.5ms)[0m   [0m SELECT name
 FROM sqlite_master
 WHERE type = 'table' AND NOT name = 'sqlite_sequence'
[0m
  [4;36;1mSQL (0.2ms)[0m   [0;1m SELECT name
 FROM sqlite_master
 WHERE type = 'table' AND NOT name = 'sqlite_sequence'
[0m


Processing PostsController#index (for 127.0.0.1 at 2010-08-07 14:10:53) [GET]
  [4;35;1mUser Load (0.4ms)[0m   [0mSELECT * FROM "users" WHERE ("users"."id" = 1) [0m
  [4;36;1mPost Load (0.4ms)[0m   [0;1mSELECT * FROM "posts" LIMIT 30 OFFSET 0[0m
  [4;35;1mSQL (0.2ms)[0m   [0m SELECT name
 FROM sqlite_master
 WHERE type = 'table' AND NOT name = 'sqlite_sequence'
[0m
Rendering posts/index
  [4;36;1mUser Load (0.6ms)[0m   [0;1mSELECT * FROM "users" LIMIT 30[0m
Completed in 591ms (View: 583, DB: 2) | 200 OK [http://localhost/posts]
  [4;35;1mSQL (0.5ms)[0m   [0m SELECT name
 FROM sqlite_master
 WHERE type = 'table' AND NOT name = 'sqlite_sequence'
[0m
  [4;36;1mSQL (0.2ms)[0m   [0;1m SELECT name
 FROM sqlite_master
 WHERE type = 'table' AND NOT name = 'sqlite_sequence'
[0m


Processing PostsController#index (for 127.0.0.1 at 2010-08-07 14:11:01) [GET]
  Parameters: {"query"=>"code"}
  [4;35;1mUser Load (0.4ms)[0m   [0mSELECT * FROM "users" WHERE ("users"."id" = 1) [0m
  [4;36;1mSQL (0.2ms)[0m   [0;1m SELECT name
 FROM sqlite_master
 WHERE type = 'table' AND NOT name = 'sqlite_sequence'
[0m
  [4;35;1mPost Load (0.3ms)[0m   [0mSELECT * FROM "posts" WHERE ("posts"."id" IN (3)) [0m
Rendering posts/index
  [4;36;1mUser Load (0.4ms)[0m   [0;1mSELECT * FROM "users" LIMIT 30[0m
Completed in 565ms (View: 538, DB: 2) | 200 OK [http://localhost/posts?query=code]
